cqlsh-astra/
cqlsh-astra/zipfiles/
cqlsh-astra/zipfiles/geomet-0.1.0.zip
cqlsh-astra/zipfiles/cassandra-driver-internal-only-3.24.0.zip
cqlsh-astra/zipfiles/futures-2.1.6-py2.py3-none-any.zip
cqlsh-astra/zipfiles/six-1.12.0-py2.py3-none-any.zip
cqlsh-astra/pylib/
cqlsh-astra/pylib/cqlshlib/
cqlsh-astra/pylib/cqlshlib/cqlshhandling.py
cqlsh-astra/pylib/cqlshlib/tracing.py
cqlsh-astra/pylib/cqlshlib/helptopics.py
cqlsh-astra/pylib/cqlshlib/pylexotron.py
cqlsh-astra/pylib/cqlshlib/util.py
cqlsh-astra/pylib/cqlshlib/cqlhandling.py
cqlsh-astra/pylib/cqlshlib/wcwidth.py
cqlsh-astra/pylib/cqlshlib/cql3handling.py
cqlsh-astra/pylib/cqlshlib/saferscanner.py
cqlsh-astra/pylib/cqlshlib/sslhandling.py
cqlsh-astra/pylib/cqlshlib/driver.py
cqlsh-astra/pylib/cqlshlib/__init__.py
cqlsh-astra/pylib/cqlshlib/copyutil.py
cqlsh-astra/pylib/cqlshlib/displaying.py
cqlsh-astra/pylib/cqlshlib/formatting.py
cqlsh-astra/pylib/setup.py
cqlsh-astra/pylib/cqlhelp/
cqlsh-astra/pylib/cqlhelp/terminalhelp.py
cqlsh-astra/pylib/cqlhelp/__init__.py
cqlsh-astra/pylib/dselib/
cqlsh-astra/pylib/dselib/dsehandling.py
cqlsh-astra/pylib/dselib/searchhandling.py
cqlsh-astra/pylib/dselib/geotypes.py
cqlsh-astra/pylib/dselib/analyticshandling.py
cqlsh-astra/pylib/dselib/authfactory.py
cqlsh-astra/pylib/dselib/__init__.py
cqlsh-astra/pylib/dselib/daterangetype.py
cqlsh-astra/pylib/requirements.txt
cqlsh-astra/bin/
cqlsh-astra/bin/cqlsh.py
cqlsh-astra/bin/dsecqlsh.py
cqlsh-astra/bin/cqlsh
